Using pre-set license
Built from '2020.2/release' branch; Version is '2020.2.2f1 (068178b99f32) revision 426360'; Using compiler version '192528614'; Build Type 'Release'
OS: 'Windows 10 Pro; OS build 19041.746; Version 2004; 64bit' Language: 'ko' Physical Memory: 32717 MB
BatchMode: 1, IsHumanControllingUs: 0, StartBugReporterOnCrash: 0, Is64bit: 1, IsPro: 0

 COMMAND LINE ARGUMENTS:
C:\Unity\2020.2.2f1\Editor\Unity.exe
-adb2
-batchMode
-noUpm
-name
AssetImportWorker0
-projectPath
C:/Users/mydre/Documents/GitHub/AquaJelly
-logFile
Logs/AssetImportWorker0.log
-srvPort
4376
Successfully changed project path to: C:/Users/mydre/Documents/GitHub/AquaJelly
C:/Users/mydre/Documents/GitHub/AquaJelly
Using Asset Import Pipeline V2.
Refreshing native plugins compatible for Editor in 58.37 ms, found 1 plugins.
Preloading 0 native plugins for Editor in 0.00 ms.
Initialize engine version: 2020.2.2f1 (068178b99f32)
[Subsystems] Discovering subsystems at path C:/Unity/2020.2.2f1/Editor/Data/Resources/UnitySubsystems
[Subsystems] Discovering subsystems at path C:/Users/mydre/Documents/GitHub/AquaJelly/Assets
GfxDevice: creating device client; threaded=0
Direct3D:
    Version:  Direct3D 11.0 [level 11.1]
    Renderer: NVIDIA GeForce RTX 2070 SUPER (ID=0x1e84)
    Vendor:   
    VRAM:     8011 MB
    Driver:   27.21.14.6089
Initialize mono
Mono path[0] = 'C:/Unity/2020.2.2f1/Editor/Data/Managed'
Mono path[1] = 'C:/Unity/2020.2.2f1/Editor/Data/MonoBleedingEdge/lib/mono/unityjit'
Mono config path = 'C:/Unity/2020.2.2f1/Editor/Data/MonoBleedingEdge/etc'
Using monoOptions --debugger-agent=transport=dt_socket,embedding=1,server=y,suspend=n,address=127.0.0.1:56468
Begin MonoManager ReloadAssembly
Registering precompiled unity dll's ...
Register platform support module: C:/Unity/2020.2.2f1/Editor/Data/PlaybackEngines/WindowsStandaloneSupport/UnityEditor.WindowsStandalone.Extensions.dll
Registered in 0.003402 seconds.
Native extension for WindowsStandalone target not found
Refreshing native plugins compatible for Editor in 53.18 ms, found 1 plugins.
Preloading 0 native plugins for Editor in 0.00 ms.
Invoked RoslynAnalysisRunner static constructor.
RoslynAnalysisRunner will not be running.
RoslynAnalysisRunner has terminated.
Mono: successfully reloaded assembly
- Completed reload, in  3.047 seconds
Platform modules already initialized, skipping
Registering precompiled user dll's ...
Registered in 0.003875 seconds.
Begin MonoManager ReloadAssembly
Native extension for WindowsStandalone target not found
Refreshing native plugins compatible for Editor in 53.74 ms, found 1 plugins.
Preloading 0 native plugins for Editor in 0.00 ms.
Invoked RoslynAnalysisRunner static constructor.
RoslynAnalysisRunner will not be running.
RoslynAnalysisRunner has terminated.
Mono: successfully reloaded assembly
- Completed reload, in  1.074 seconds
Platform modules already initialized, skipping
========================================================================
Worker process is ready to serve import requests
Launched and connected shader compiler UnityShaderCompiler.exe after 0.08 seconds
Refreshing native plugins compatible for Editor in 0.61 ms, found 1 plugins.
Preloading 0 native plugins for Editor in 0.00 ms.
Unloading 1837 Unused Serialized files (Serialized files now loaded: 0)
System memory in use before: 94.8 MB.
System memory in use after: 94.9 MB.

Unloading 20 unused Assets to reduce memory usage. Loaded Objects now: 2314.
Total: 2.107100 ms (FindLiveObjects: 0.238800 ms CreateObjectMapping: 0.044000 ms MarkObjects: 1.796700 ms  DeleteObjects: 0.025900 ms)

========================================================================
Received Import Request.
  path: Assets/Prefab/Maps/Map 2.prefab
  artifactKey: Guid(7cfc48cddda11bd42b4f5034279bcec9) Importer(815301076,1909f56bfc062723c751e8b465ee728b)
Start importing Assets/Prefab/Maps/Map 2.prefab using Guid(7cfc48cddda11bd42b4f5034279bcec9) Importer(815301076,1909f56bfc062723c751e8b465ee728b)  -> (artifact id: 'f55def5bccddfc309e3e2a3d59a849b8') in 0.136124 seconds
  Import took 0.139479 seconds .

========================================================================
Received Prepare
Registering precompiled user dll's ...
Registered in 0.004617 seconds.
Begin MonoManager ReloadAssembly
Native extension for WindowsStandalone target not found
Refreshing native plugins compatible for Editor in 0.59 ms, found 1 plugins.
Preloading 0 native plugins for Editor in 0.00 ms.
Invoked RoslynAnalysisRunner static constructor.
RoslynAnalysisRunner will not be running.
RoslynAnalysisRunner has terminated.
Mono: successfully reloaded assembly
- Completed reload, in  1.030 seconds
Platform modules already initialized, skipping
Refreshing native plugins compatible for Editor in 0.56 ms, found 1 plugins.
Preloading 0 native plugins for Editor in 0.00 ms.
Unloading 1809 Unused Serialized files (Serialized files now loaded: 0)
System memory in use before: 96.4 MB.
System memory in use after: 96.5 MB.

Unloading 10 unused Assets to reduce memory usage. Loaded Objects now: 2324.
Total: 2.131500 ms (FindLiveObjects: 0.237500 ms CreateObjectMapping: 0.041900 ms MarkObjects: 1.828700 ms  DeleteObjects: 0.022000 ms)

========================================================================
Received Prepare
Registering precompiled user dll's ...
Registered in 0.004836 seconds.
Begin MonoManager ReloadAssembly
Native extension for WindowsStandalone target not found
Refreshing native plugins compatible for Editor in 0.55 ms, found 1 plugins.
Preloading 0 native plugins for Editor in 0.00 ms.
Invoked RoslynAnalysisRunner static constructor.
RoslynAnalysisRunner will not be running.
RoslynAnalysisRunner has terminated.
Mono: successfully reloaded assembly
- Completed reload, in  1.020 seconds
Platform modules already initialized, skipping
Refreshing native plugins compatible for Editor in 0.72 ms, found 1 plugins.
Preloading 0 native plugins for Editor in 0.00 ms.
Unloading 1809 Unused Serialized files (Serialized files now loaded: 0)
System memory in use before: 96.7 MB.
System memory in use after: 96.8 MB.

Unloading 10 unused Assets to reduce memory usage. Loaded Objects now: 2326.
Total: 2.394700 ms (FindLiveObjects: 0.221300 ms CreateObjectMapping: 0.043400 ms MarkObjects: 2.103000 ms  DeleteObjects: 0.025700 ms)

========================================================================
Received Prepare
Registering precompiled user dll's ...
Registered in 0.005217 seconds.
Begin MonoManager ReloadAssembly
Native extension for WindowsStandalone target not found
Refreshing native plugins compatible for Editor in 0.57 ms, found 1 plugins.
Preloading 0 native plugins for Editor in 0.00 ms.
Invoked RoslynAnalysisRunner static constructor.
RoslynAnalysisRunner will not be running.
RoslynAnalysisRunner has terminated.
Mono: successfully reloaded assembly
- Completed reload, in  1.047 seconds
Platform modules already initialized, skipping
Refreshing native plugins compatible for Editor in 0.58 ms, found 1 plugins.
Preloading 0 native plugins for Editor in 0.00 ms.
Unloading 1809 Unused Serialized files (Serialized files now loaded: 0)
System memory in use before: 96.9 MB.
System memory in use after: 97.1 MB.

Unloading 10 unused Assets to reduce memory usage. Loaded Objects now: 2328.
Total: 1.896700 ms (FindLiveObjects: 0.254900 ms CreateObjectMapping: 0.041700 ms MarkObjects: 1.583800 ms  DeleteObjects: 0.014500 ms)

========================================================================
Received Prepare
Registering precompiled user dll's ...
Registered in 0.003611 seconds.
Begin MonoManager ReloadAssembly
Native extension for WindowsStandalone target not found
Refreshing native plugins compatible for Editor in 0.56 ms, found 1 plugins.
Preloading 0 native plugins for Editor in 0.00 ms.
Invoked RoslynAnalysisRunner static constructor.
RoslynAnalysisRunner will not be running.
RoslynAnalysisRunner has terminated.
Mono: successfully reloaded assembly
- Completed reload, in  1.021 seconds
Platform modules already initialized, skipping
Refreshing native plugins compatible for Editor in 0.56 ms, found 1 plugins.
Preloading 0 native plugins for Editor in 0.00 ms.
Unloading 1809 Unused Serialized files (Serialized files now loaded: 0)
System memory in use before: 97.0 MB.
System memory in use after: 97.1 MB.

Unloading 10 unused Assets to reduce memory usage. Loaded Objects now: 2330.
Total: 2.209900 ms (FindLiveObjects: 0.287600 ms CreateObjectMapping: 0.053300 ms MarkObjects: 1.851500 ms  DeleteObjects: 0.016400 ms)

========================================================================
Received Import Request.
  Time since last request: 214.569996 seconds.
  path: Assets/Asset/minsik
  artifactKey: Guid(1f10fb19529464ca1b7c170446709b4b) Importer(815301076,1909f56bfc062723c751e8b465ee728b)
Start importing Assets/Asset/minsik using Guid(1f10fb19529464ca1b7c170446709b4b) Importer(815301076,1909f56bfc062723c751e8b465ee728b)  -> (artifact id: 'bace25e51d929af42daa889de8c28e21') in 0.010909 seconds
  Import took 0.014420 seconds .

========================================================================
Received Import Request.
  Time since last request: 0.001615 seconds.
  path: Assets/Asset/minsik
  artifactKey: Guid(1f10fb19529464ca1b7c170446709b4b) Importer(815301076,1909f56bfc062723c751e8b465ee728b)
Start importing Assets/Asset/minsik using Guid(1f10fb19529464ca1b7c170446709b4b) Importer(815301076,1909f56bfc062723c751e8b465ee728b)  -> (artifact id: 'bace25e51d929af42daa889de8c28e21') in 0.003840 seconds
  Import took 0.006818 seconds .

========================================================================
Received Prepare
Registering precompiled user dll's ...
Registered in 0.003643 seconds.
Begin MonoManager ReloadAssembly
Native extension for WindowsStandalone target not found
Refreshing native plugins compatible for Editor in 0.64 ms, found 1 plugins.
Preloading 0 native plugins for Editor in 0.00 ms.
Invoked RoslynAnalysisRunner static constructor.
RoslynAnalysisRunner will not be running.
RoslynAnalysisRunner has terminated.
Mono: successfully reloaded assembly
- Completed reload, in  1.025 seconds
Platform modules already initialized, skipping
Refreshing native plugins compatible for Editor in 0.82 ms, found 1 plugins.
Preloading 0 native plugins for Editor in 0.00 ms.
Unloading 1809 Unused Serialized files (Serialized files now loaded: 0)
System memory in use before: 97.5 MB.
System memory in use after: 97.6 MB.

Unloading 10 unused Assets to reduce memory usage. Loaded Objects now: 2332.
Total: 2.040600 ms (FindLiveObjects: 0.224700 ms CreateObjectMapping: 0.042000 ms MarkObjects: 1.753400 ms  DeleteObjects: 0.018600 ms)

========================================================================
Received Prepare
Registering precompiled user dll's ...
Registered in 0.003737 seconds.
Begin MonoManager ReloadAssembly
Native extension for WindowsStandalone target not found
Refreshing native plugins compatible for Editor in 0.56 ms, found 1 plugins.
Preloading 0 native plugins for Editor in 0.00 ms.
Invoked RoslynAnalysisRunner static constructor.
RoslynAnalysisRunner will not be running.
RoslynAnalysisRunner has terminated.
Mono: successfully reloaded assembly
- Completed reload, in  1.012 seconds
Platform modules already initialized, skipping
Refreshing native plugins compatible for Editor in 0.59 ms, found 1 plugins.
Preloading 0 native plugins for Editor in 0.00 ms.
Unloading 1809 Unused Serialized files (Serialized files now loaded: 0)
System memory in use before: 97.7 MB.
System memory in use after: 97.8 MB.

Unloading 10 unused Assets to reduce memory usage. Loaded Objects now: 2334.
Total: 2.779100 ms (FindLiveObjects: 0.294700 ms CreateObjectMapping: 0.045500 ms MarkObjects: 2.416100 ms  DeleteObjects: 0.021400 ms)

========================================================================
Received Import Request.
  Time since last request: 141.532959 seconds.
  path: Assets/Asset/minsik/GodRaysRainbow.prefab
  artifactKey: Guid(e3ccb0f9ea3b94457b331af0dc9ad97e) Importer(815301076,1909f56bfc062723c751e8b465ee728b)
Start importing Assets/Asset/minsik/GodRaysRainbow.prefab using Guid(e3ccb0f9ea3b94457b331af0dc9ad97e) Importer(815301076,1909f56bfc062723c751e8b465ee728b)  -> (artifact id: 'bcede5a3f4b1e5b4e305dc8f550721a8') in 0.034852 seconds
  Import took 0.038159 seconds .

========================================================================
Received Import Request.
  Time since last request: 0.069885 seconds.
  path: Assets/Asset/minsik/GodRaysRainbow.prefab
  artifactKey: Guid(e3ccb0f9ea3b94457b331af0dc9ad97e) Importer(815301076,1909f56bfc062723c751e8b465ee728b)
Start importing Assets/Asset/minsik/GodRaysRainbow.prefab using Guid(e3ccb0f9ea3b94457b331af0dc9ad97e) Importer(815301076,1909f56bfc062723c751e8b465ee728b)  -> (artifact id: 'bcede5a3f4b1e5b4e305dc8f550721a8') in 0.006258 seconds
  Import took 0.009441 seconds .

========================================================================
Received Import Request.
  Time since last request: 0.586521 seconds.
  path: Assets/Asset/minsik/SeaDust.prefab
  artifactKey: Guid(d046fae23b6164887b6e8eb3b92e8f2c) Importer(815301076,1909f56bfc062723c751e8b465ee728b)
Start importing Assets/Asset/minsik/SeaDust.prefab using Guid(d046fae23b6164887b6e8eb3b92e8f2c) Importer(815301076,1909f56bfc062723c751e8b465ee728b)  -> (artifact id: '39f4f26ac8b0a49feee4c9fc2e98857b') in 0.009763 seconds
  Import took 0.012939 seconds .

========================================================================
Received Import Request.
  Time since last request: 0.008407 seconds.
  path: Assets/Asset/minsik/SeaDust.prefab
  artifactKey: Guid(d046fae23b6164887b6e8eb3b92e8f2c) Importer(815301076,1909f56bfc062723c751e8b465ee728b)
Start importing Assets/Asset/minsik/SeaDust.prefab using Guid(d046fae23b6164887b6e8eb3b92e8f2c) Importer(815301076,1909f56bfc062723c751e8b465ee728b)  -> (artifact id: '39f4f26ac8b0a49feee4c9fc2e98857b') in 0.005814 seconds
  Import took 0.009070 seconds .

========================================================================
Received Import Request.
  Time since last request: 0.509838 seconds.
  path: Assets/Asset/minsik/SoapBubbles.prefab
  artifactKey: Guid(5caaaede40b9b45be9b1f380f7bb1c77) Importer(815301076,1909f56bfc062723c751e8b465ee728b)
Start importing Assets/Asset/minsik/SoapBubbles.prefab using Guid(5caaaede40b9b45be9b1f380f7bb1c77) Importer(815301076,1909f56bfc062723c751e8b465ee728b)  -> (artifact id: '645c7edf453c96bd884ebc8767b34f5f') in 0.010360 seconds
  Import took 0.013569 seconds .

========================================================================
Received Import Request.
  Time since last request: 0.011556 seconds.
  path: Assets/Asset/minsik/SoapBubbles.prefab
  artifactKey: Guid(5caaaede40b9b45be9b1f380f7bb1c77) Importer(815301076,1909f56bfc062723c751e8b465ee728b)
Start importing Assets/Asset/minsik/SoapBubbles.prefab using Guid(5caaaede40b9b45be9b1f380f7bb1c77) Importer(815301076,1909f56bfc062723c751e8b465ee728b)  -> (artifact id: '645c7edf453c96bd884ebc8767b34f5f') in 0.006324 seconds
  Import took 0.009555 seconds .

========================================================================
Received Import Request.
  Time since last request: 14.634865 seconds.
  path: Assets/Asset/minsik/SoapBubbles.prefab
  artifactKey: Guid(5caaaede40b9b45be9b1f380f7bb1c77) Importer(815301076,1909f56bfc062723c751e8b465ee728b)
Start importing Assets/Asset/minsik/SoapBubbles.prefab using Guid(5caaaede40b9b45be9b1f380f7bb1c77) Importer(815301076,1909f56bfc062723c751e8b465ee728b)  -> (artifact id: '583fe481e3bb59b3c9d1e18ca2fa0abd') in 0.006283 seconds
  Import took 0.009684 seconds .

========================================================================
Received Import Request.
  Time since last request: 0.013246 seconds.
  path: Assets/Asset/minsik/SoapBubbles.prefab
  artifactKey: Guid(5caaaede40b9b45be9b1f380f7bb1c77) Importer(815301076,1909f56bfc062723c751e8b465ee728b)
Start importing Assets/Asset/minsik/SoapBubbles.prefab using Guid(5caaaede40b9b45be9b1f380f7bb1c77) Importer(815301076,1909f56bfc062723c751e8b465ee728b)  -> (artifact id: '583fe481e3bb59b3c9d1e18ca2fa0abd') in 0.006445 seconds
  Import took 0.009974 seconds .

========================================================================
Received Import Request.
  Time since last request: 0.000234 seconds.
  path: Assets/Asset/minsik/bubblesoapy01.mat
  artifactKey: Guid(9fde874dbe85af64197aaffbcfa99ce5) Importer(815301076,1909f56bfc062723c751e8b465ee728b)
Start importing Assets/Asset/minsik/bubblesoapy01.mat using Guid(9fde874dbe85af64197aaffbcfa99ce5) Importer(815301076,1909f56bfc062723c751e8b465ee728b)  -> (artifact id: 'e8a5c77ddcfb88a6649b3679f2e84f63') in 0.088531 seconds
  Import took 0.091402 seconds .

========================================================================
Received Prepare
Registering precompiled user dll's ...
Registered in 0.003816 seconds.
Begin MonoManager ReloadAssembly
Native extension for WindowsStandalone target not found
Refreshing native plugins compatible for Editor in 1.08 ms, found 1 plugins.
Preloading 0 native plugins for Editor in 0.00 ms.
Invoked RoslynAnalysisRunner static constructor.
RoslynAnalysisRunner will not be running.
RoslynAnalysisRunner has terminated.
Mono: successfully reloaded assembly
- Completed reload, in  0.999 seconds
Platform modules already initialized, skipping
Refreshing native plugins compatible for Editor in 0.56 ms, found 1 plugins.
Preloading 0 native plugins for Editor in 0.00 ms.
Unloading 1809 Unused Serialized files (Serialized files now loaded: 0)
System memory in use before: 98.2 MB.
System memory in use after: 98.3 MB.

Unloading 10 unused Assets to reduce memory usage. Loaded Objects now: 2371.
Total: 2.292800 ms (FindLiveObjects: 0.348700 ms CreateObjectMapping: 0.085300 ms MarkObjects: 1.839300 ms  DeleteObjects: 0.018300 ms)

========================================================================
Received Import Request.
  Time since last request: 219.480836 seconds.
  path: Assets/Asset/minsik/KakaoTalk_20210129_015956357.png
  artifactKey: Guid(0928dbd405ff0f346bb32a4e9e16155d) Importer(815301076,1909f56bfc062723c751e8b465ee728b)
Start importing Assets/Asset/minsik/KakaoTalk_20210129_015956357.png using Guid(0928dbd405ff0f346bb32a4e9e16155d) Importer(815301076,1909f56bfc062723c751e8b465ee728b)  -> (artifact id: '0d672f52bb6997cf7510fda5891f3ca4') in 0.152456 seconds
  Import took 0.156014 seconds .

========================================================================
Received Import Request.
  Time since last request: 9.519669 seconds.
  path: Assets/Asset/minsik/KakaoTalk_20210129_020059269.png
  artifactKey: Guid(edc4276031e73794da178427ef4f20f2) Importer(815301076,1909f56bfc062723c751e8b465ee728b)
Start importing Assets/Asset/minsik/KakaoTalk_20210129_020059269.png using Guid(edc4276031e73794da178427ef4f20f2) Importer(815301076,1909f56bfc062723c751e8b465ee728b)  -> (artifact id: 'fcd86c187e8f35c8f84136b7dd7c3e1f') in 0.022510 seconds
  Import took 0.025649 seconds .

========================================================================
Received Import Request.
  Time since last request: 16.558585 seconds.
  path: Assets/Asset/minsik/GodRaysRainbow.prefab
  artifactKey: Guid(e3ccb0f9ea3b94457b331af0dc9ad97e) Importer(815301076,1909f56bfc062723c751e8b465ee728b)
Start importing Assets/Asset/minsik/GodRaysRainbow.prefab using Guid(e3ccb0f9ea3b94457b331af0dc9ad97e) Importer(815301076,1909f56bfc062723c751e8b465ee728b)  -> (artifact id: '8e3a24a546f3155722454628f4330095') in 0.013703 seconds
  Import took 0.016898 seconds .

========================================================================
Received Import Request.
  Time since last request: 34.071762 seconds.
  path: Assets/Asset/minsik/bubblesoapy01.mat
  artifactKey: Guid(9fde874dbe85af64197aaffbcfa99ce5) Importer(815301076,1909f56bfc062723c751e8b465ee728b)
Start importing Assets/Asset/minsik/bubblesoapy01.mat using Guid(9fde874dbe85af64197aaffbcfa99ce5) Importer(815301076,1909f56bfc062723c751e8b465ee728b)  -> (artifact id: 'ba0bdf640b3d1131ac3405181c892651') in 0.040443 seconds
  Import took 0.043775 seconds .

========================================================================
Received Import Request.
  Time since last request: 0.498219 seconds.
  path: Assets/Asset/minsik/KakaoTalk_20210129_020139904.png
  artifactKey: Guid(5f4cce08ae60afc42a8847687b92316b) Importer(815301076,1909f56bfc062723c751e8b465ee728b)
Start importing Assets/Asset/minsik/KakaoTalk_20210129_020139904.png using Guid(5f4cce08ae60afc42a8847687b92316b) Importer(815301076,1909f56bfc062723c751e8b465ee728b)  -> (artifact id: 'ad5d80922a3655964c26336bf691d523') in 0.020210 seconds
  Import took 0.023594 seconds .

========================================================================
Received Import Request.
  Time since last request: 550.658481 seconds.
  path: Assets/Asset/minsik/SoapBubbles.mat
  artifactKey: Guid(9fde874dbe85af64197aaffbcfa99ce5) Importer(815301076,1909f56bfc062723c751e8b465ee728b)
Start importing Assets/Asset/minsik/SoapBubbles.mat using Guid(9fde874dbe85af64197aaffbcfa99ce5) Importer(815301076,1909f56bfc062723c751e8b465ee728b)  -> (artifact id: '092741ca8ab6f2aff3e9b28a9f52daf5') in 0.018648 seconds
  Import took 0.021871 seconds .

========================================================================
Received Prepare
Registering precompiled user dll's ...
Registered in 0.003623 seconds.
Begin MonoManager ReloadAssembly
Native extension for WindowsStandalone target not found
Refreshing native plugins compatible for Editor in 0.57 ms, found 1 plugins.
Preloading 0 native plugins for Editor in 0.00 ms.
Invoked RoslynAnalysisRunner static constructor.
RoslynAnalysisRunner will not be running.
RoslynAnalysisRunner has terminated.
Mono: successfully reloaded assembly
- Completed reload, in  1.000 seconds
Platform modules already initialized, skipping
Refreshing native plugins compatible for Editor in 0.55 ms, found 1 plugins.
Preloading 0 native plugins for Editor in 0.00 ms.
Unloading 1809 Unused Serialized files (Serialized files now loaded: 0)
System memory in use before: 98.3 MB.
System memory in use after: 98.4 MB.

Unloading 10 unused Assets to reduce memory usage. Loaded Objects now: 2376.
Total: 1.882900 ms (FindLiveObjects: 0.215700 ms CreateObjectMapping: 0.044300 ms MarkObjects: 1.607500 ms  DeleteObjects: 0.014600 ms)

========================================================================
Received Prepare
Registering precompiled user dll's ...
Registered in 0.003861 seconds.
Begin MonoManager ReloadAssembly
Native extension for WindowsStandalone target not found
Refreshing native plugins compatible for Editor in 0.56 ms, found 1 plugins.
Preloading 0 native plugins for Editor in 0.00 ms.
Invoked RoslynAnalysisRunner static constructor.
RoslynAnalysisRunner will not be running.
RoslynAnalysisRunner has terminated.
Mono: successfully reloaded assembly
- Completed reload, in  1.001 seconds
Platform modules already initialized, skipping
Refreshing native plugins compatible for Editor in 0.64 ms, found 1 plugins.
Preloading 0 native plugins for Editor in 0.00 ms.
Unloading 1809 Unused Serialized files (Serialized files now loaded: 0)
System memory in use before: 97.7 MB.
System memory in use after: 97.9 MB.

Unloading 10 unused Assets to reduce memory usage. Loaded Objects now: 2378.
Total: 2.398300 ms (FindLiveObjects: 0.290800 ms CreateObjectMapping: 0.055500 ms MarkObjects: 2.029200 ms  DeleteObjects: 0.021400 ms)

AssetImportWorkerClient::OnTransportError - code=2 error=End of file
